<?xml version="1.0" encoding="UTF-8"?>
<!-- Generated by org.testng.reporters.JUnitReportReporter -->
<testsuite skipped="0" hostname="RAVISH" name="com.crm.qa.tests.HomePageTest" tests="2" failures="0" timestamp="17 Apr 2018 11:18:08 GMT" time="40.700" errors="0">
  <testcase name="verifyHomePageTitle" time="20.241" classname="com.crm.qa.tests.HomePageTest"/>
  <testcase name="VerifyUserNameTest" time="20.459" classname="com.crm.qa.tests.HomePageTest"/>
</testsuite> <!-- com.crm.qa.tests.HomePageTest -->
